<?xml version="1.0" encoding="UTF-8"?>
<testsuite xmlns:xsi="http://www.w3.org/2001/XMLSchema-instance" xsi:noNamespaceSchemaLocation="https://maven.apache.org/surefire/maven-surefire-plugin/xsd/surefire-test-report-3.0.xsd" version="3.0" name="com.todolist.backend.TodoBackendApplicationTests" time="1.261" tests="1" errors="0" skipped="0" failures="0">
  <properties>
[...]
</properties>
  <testcase name="contextLoads" classname="com.todolist.backend.TodoBackendApplicationTests" time="0.01">
    <system-out><![CDATA[&amp#27;[2m2025-08-05T19:00:47.385+08:00&amp#27;[0;39m &amp#27;[32m INFO&amp#27;[0;39m &amp#27;[35m19175&amp#27;[0;39m &amp#27;[2m---&amp#27;[0;39m &amp#27;[2m[TodoListV2 API] [           main]&amp#27;[0;39m &amp#27;[2m&amp#27;[0;39m&amp#27;[36mt.c.s.AnnotationConfigContextLoaderUtils&amp#27;[0;39m &amp#27;[2m:&amp#27;[0;39m Could not detect default configuration classes for test class [com.todolist.backend.TodoBackendApplicationTests]: TodoBackendApplicationTests does not declare any static, non-private, non-final, nested classes annotated with @Configuration.
&amp#27;[2m2025-08-05T19:00:47.391+08:00&amp#27;[0;39m &amp#27;[32m INFO&amp#27;[0;39m &amp#27;[35m19175&amp#27;[0;39m &amp#27;[2m---&amp#27;[0;39m &amp#27;[2m[TodoListV2 API] [           main]&amp#27;[0;39m &amp#27;[2m&amp#27;[0;39m&amp#27;[36m.b.t.c.SpringBootTestContextBootstrapper&amp#27;[0;39m &amp#27;[2m:&amp#27;[0;39m Found @SpringBootConfiguration com.todolist.backend.TodoBackendApplication for test class com.todolist.backend.TodoBackendApplicationTests

  .   ____          _            __ _ _
 /\\ / ___'_ __ _ _(_)_ __  __ _ \ \ \ \
( ( )\___ | '_ | '_| | '_ \/ _` | \ \ \ \
 \\/  ___)| |_)| | | | | || (_| |  ) ) ) )
  '  |____| .__|_| |_|_| |_\__, | / / / /
 =========|_|==============|___/=/_/_/_/
&amp#27;[32m :: Spring Boot :: &amp#27;[39m              &amp#27;[2m (v3.2.0)&amp#27;[0;39m

&amp#27;[2m2025-08-05T19:00:47.417+08:00&amp#27;[0;39m &amp#27;[32m INFO&amp#27;[0;39m &amp#27;[35m19175&amp#27;[0;39m &amp#27;[2m---&amp#27;[0;39m &amp#27;[2m[TodoListV2 API] [           main]&amp#27;[0;39m &amp#27;[2m&amp#27;[0;39m&amp#27;[36mc.t.backend.TodoBackendApplicationTests &amp#27;[0;39m &amp#27;[2m:&amp#27;[0;39m Starting TodoBackendApplicationTests using Java 24.0.2 with PID 19175 (started by zen in /Users/zen/projects/toDoListV3/backend)
&amp#27;[2m2025-08-05T19:00:47.417+08:00&amp#27;[0;39m &amp#27;[32mDEBUG&amp#27;[0;39m &amp#27;[35m19175&amp#27;[0;39m &amp#27;[2m---&amp#27;[0;39m &amp#27;[2m[TodoListV2 API] [           main]&amp#27;[0;39m &amp#27;[2m&amp#27;[0;39m&amp#27;[36mc.t.backend.TodoBackendApplicationTests &amp#27;[0;39m &amp#27;[2m:&amp#27;[0;39m Running with Spring Boot v3.2.0, Spring v6.1.1
&amp#27;[2m2025-08-05T19:00:47.417+08:00&amp#27;[0;39m &amp#27;[32m INFO&amp#27;[0;39m &amp#27;[35m19175&amp#27;[0;39m &amp#27;[2m---&amp#27;[0;39m &amp#27;[2m[TodoListV2 API] [           main]&amp#27;[0;39m &amp#27;[2m&amp#27;[0;39m&amp#27;[36mc.t.backend.TodoBackendApplicationTests &amp#27;[0;39m &amp#27;[2m:&amp#27;[0;39m The following 1 profile is active: "test"
&amp#27;[2m2025-08-05T19:00:47.418+08:00&amp#27;[0;39m &amp#27;[32mDEBUG&amp#27;[0;39m &amp#27;[35m19175&amp#27;[0;39m &amp#27;[2m---&amp#27;[0;39m &amp#27;[2m[TodoListV2 API] [           main]&amp#27;[0;39m &amp#27;[2m&amp#27;[0;39m&amp#27;[36mo.s.w.c.s.GenericWebApplicationContext  &amp#27;[0;39m &amp#27;[2m:&amp#27;[0;39m Refreshing org.springframework.web.context.support.GenericWebApplicationContext@7e5b621b
&amp#27;[2m2025-08-05T19:00:47.596+08:00&amp#27;[0;39m &amp#27;[32m INFO&amp#27;[0;39m &amp#27;[35m19175&amp#27;[0;39m &amp#27;[2m---&amp#27;[0;39m &amp#27;[2m[TodoListV2 API] [           main]&amp#27;[0;39m &amp#27;[2m&amp#27;[0;39m&amp#27;[36m.s.d.r.c.RepositoryConfigurationDelegate&amp#27;[0;39m &amp#27;[2m:&amp#27;[0;39m Bootstrapping Spring Data JPA repositories in DEFAULT mode.
&amp#27;[2m2025-08-05T19:00:47.610+08:00&amp#27;[0;39m &amp#27;[32m INFO&amp#27;[0;39m &amp#27;[35m19175&amp#27;[0;39m &amp#27;[2m---&amp#27;[0;39m &amp#27;[2m[TodoListV2 API] [           main]&amp#27;[0;39m &amp#27;[2m&amp#27;[0;39m&amp#27;[36m.s.d.r.c.RepositoryConfigurationDelegate&amp#27;[0;39m &amp#27;[2m:&amp#27;[0;39m Finished Spring Data repository scanning in 11 ms. Found 1 JPA repository interface.
&amp#27;[2m2025-08-05T19:00:47.720+08:00&amp#27;[0;39m &amp#27;[32m INFO&amp#27;[0;39m &amp#27;[35m19175&amp#27;[0;39m &amp#27;[2m---&amp#27;[0;39m &amp#27;[2m[TodoListV2 API] [           main]&amp#27;[0;39m &amp#27;[2m&amp#27;[0;39m&amp#27;[36mo.hibernate.jpa.internal.util.LogHelper &amp#27;[0;39m &amp#27;[2m:&amp#27;[0;39m HHH000204: Processing PersistenceUnitInfo [name: default]
&amp#27;[2m2025-08-05T19:00:47.738+08:00&amp#27;[0;39m &amp#27;[32m INFO&amp#27;[0;39m &amp#27;[35m19175&amp#27;[0;39m &amp#27;[2m---&amp#27;[0;39m &amp#27;[2m[TodoListV2 API] [           main]&amp#27;[0;39m &amp#27;[2m&amp#27;[0;39m&amp#27;[36morg.hibernate.Version                   &amp#27;[0;39m &amp#27;[2m:&amp#27;[0;39m HHH000412: Hibernate ORM core version 6.3.1.Final
&amp#27;[2m2025-08-05T19:00:47.749+08:00&amp#27;[0;39m &amp#27;[32m INFO&amp#27;[0;39m &amp#27;[35m19175&amp#27;[0;39m &amp#27;[2m---&amp#27;[0;39m &amp#27;[2m[TodoListV2 API] [           main]&amp#27;[0;39m &amp#27;[2m&amp#27;[0;39m&amp#27;[36mo.h.c.internal.RegionFactoryInitiator   &amp#27;[0;39m &amp#27;[2m:&amp#27;[0;39m HHH000026: Second-level cache disabled
&amp#27;[2m2025-08-05T19:00:47.788+08:00&amp#27;[0;39m &amp#27;[32m INFO&amp#27;[0;39m &amp#27;[35m19175&amp#27;[0;39m &amp#27;[2m---&amp#27;[0;39m &amp#27;[2m[TodoListV2 API] [           main]&amp#27;[0;39m &amp#27;[2m&amp#27;[0;39m&amp#27;[36mo.s.o.j.p.SpringPersistenceUnitInfo     &amp#27;[0;39m &amp#27;[2m:&amp#27;[0;39m No LoadTimeWeaver setup: ignoring JPA class transformer
&amp#27;[2m2025-08-05T19:00:47.797+08:00&amp#27;[0;39m &amp#27;[32m INFO&amp#27;[0;39m &amp#27;[35m19175&amp#27;[0;39m &amp#27;[2m---&amp#27;[0;39m &amp#27;[2m[TodoListV2 API] [           main]&amp#27;[0;39m &amp#27;[2m&amp#27;[0;39m&amp#27;[36mcom.zaxxer.hikari.HikariDataSource      &amp#27;[0;39m &amp#27;[2m:&amp#27;[0;39m HikariPool-1 - Starting...
&amp#27;[2m2025-08-05T19:00:47.863+08:00&amp#27;[0;39m &amp#27;[32m INFO&amp#27;[0;39m &amp#27;[35m19175&amp#27;[0;39m &amp#27;[2m---&amp#27;[0;39m &amp#27;[2m[TodoListV2 API] [           main]&amp#27;[0;39m &amp#27;[2m&amp#27;[0;39m&amp#27;[36mcom.zaxxer.hikari.pool.HikariPool       &amp#27;[0;39m &amp#27;[2m:&amp#27;[0;39m HikariPool-1 - Added connection conn0: url=jdbc:h2:mem:testdb user=SA
&amp#27;[2m2025-08-05T19:00:47.864+08:00&amp#27;[0;39m &amp#27;[32m INFO&amp#27;[0;39m &amp#27;[35m19175&amp#27;[0;39m &amp#27;[2m---&amp#27;[0;39m &amp#27;[2m[TodoListV2 API] [           main]&amp#27;[0;39m &amp#27;[2m&amp#27;[0;39m&amp#27;[36mcom.zaxxer.hikari.HikariDataSource      &amp#27;[0;39m &amp#27;[2m:&amp#27;[0;39m HikariPool-1 - Start completed.
&amp#27;[2m2025-08-05T19:00:47.871+08:00&amp#27;[0;39m &amp#27;[33m WARN&amp#27;[0;39m &amp#27;[35m19175&amp#27;[0;39m &amp#27;[2m---&amp#27;[0;39m &amp#27;[2m[TodoListV2 API] [           main]&amp#27;[0;39m &amp#27;[2m&amp#27;[0;39m&amp#27;[36morg.hibernate.orm.deprecation           &amp#27;[0;39m &amp#27;[2m:&amp#27;[0;39m HHH90000025: H2Dialect does not need to be specified explicitly using 'hibernate.dialect' (remove the property setting and it will be selected by default)
&amp#27;[2m2025-08-05T19:00:48.095+08:00&amp#27;[0;39m &amp#27;[32m INFO&amp#27;[0;39m &amp#27;[35m19175&amp#27;[0;39m &amp#27;[2m---&amp#27;[0;39m &amp#27;[2m[TodoListV2 API] [           main]&amp#27;[0;39m &amp#27;[2m&amp#27;[0;39m&amp#27;[36mo.h.e.t.j.p.i.JtaPlatformInitiator      &amp#27;[0;39m &amp#27;[2m:&amp#27;[0;39m HHH000489: No JTA platform available (set 'hibernate.transaction.jta.platform' to enable JTA platform integration)
&amp#27;[2m2025-08-05T19:00:48.099+08:00&amp#27;[0;39m &amp#27;[32mDEBUG&amp#27;[0;39m &amp#27;[35m19175&amp#27;[0;39m &amp#27;[2m---&amp#27;[0;39m &amp#27;[2m[TodoListV2 API] [           main]&amp#27;[0;39m &amp#27;[2m&amp#27;[0;39m&amp#27;[36morg.hibernate.SQL                       &amp#27;[0;39m &amp#27;[2m:&amp#27;[0;39m 
    drop table if exists todos cascade 
Hibernate: 
    drop table if exists todos cascade 
&amp#27;[2m2025-08-05T19:00:48.102+08:00&amp#27;[0;39m &amp#27;[32mDEBUG&amp#27;[0;39m &amp#27;[35m19175&amp#27;[0;39m &amp#27;[2m---&amp#27;[0;39m &amp#27;[2m[TodoListV2 API] [           main]&amp#27;[0;39m &amp#27;[2m&amp#27;[0;39m&amp#27;[36morg.hibernate.SQL                       &amp#27;[0;39m &amp#27;[2m:&amp#27;[0;39m 
    create table todos (
        completed boolean not null,
        created_at timestamp(6) not null,
        id bigint generated by default as identity,
        updated_at timestamp(6) not null,
        description varchar(1000),
        title varchar(255) not null,
        primary key (id)
    )
Hibernate: 
    create table todos (
        completed boolean not null,
        created_at timestamp(6) not null,
        id bigint generated by default as identity,
        updated_at timestamp(6) not null,
        description varchar(1000),
        title varchar(255) not null,
        primary key (id)
    )
&amp#27;[2m2025-08-05T19:00:48.105+08:00&amp#27;[0;39m &amp#27;[32m INFO&amp#27;[0;39m &amp#27;[35m19175&amp#27;[0;39m &amp#27;[2m---&amp#27;[0;39m &amp#27;[2m[TodoListV2 API] [           main]&amp#27;[0;39m &amp#27;[2m&amp#27;[0;39m&amp#27;[36mj.LocalContainerEntityManagerFactoryBean&amp#27;[0;39m &amp#27;[2m:&amp#27;[0;39m Initialized JPA EntityManagerFactory for persistence unit 'default'
&amp#27;[2m2025-08-05T19:00:48.194+08:00&amp#27;[0;39m &amp#27;[32m INFO&amp#27;[0;39m &amp#27;[35m19175&amp#27;[0;39m &amp#27;[2m---&amp#27;[0;39m &amp#27;[2m[TodoListV2 API] [           main]&amp#27;[0;39m &amp#27;[2m&amp#27;[0;39m&amp#27;[36mo.s.d.j.r.query.QueryEnhancerFactory    &amp#27;[0;39m &amp#27;[2m:&amp#27;[0;39m Hibernate is in classpath; If applicable, HQL parser will be used.
&amp#27;[2m2025-08-05T19:00:48.490+08:00&amp#27;[0;39m &amp#27;[33m WARN&amp#27;[0;39m &amp#27;[35m19175&amp#27;[0;39m &amp#27;[2m---&amp#27;[0;39m &amp#27;[2m[TodoListV2 API] [           main]&amp#27;[0;39m &amp#27;[2m&amp#27;[0;39m&amp#27;[36mJpaBaseConfiguration$JpaWebConfiguration&amp#27;[0;39m &amp#27;[2m:&amp#27;[0;39m spring.jpa.open-in-view is enabled by default. Therefore, database queries may be performed during view rendering. Explicitly configure spring.jpa.open-in-view to disable this warning
&amp#27;[2m2025-08-05T19:00:48.519+08:00&amp#27;[0;39m &amp#27;[32mDEBUG&amp#27;[0;39m &amp#27;[35m19175&amp#27;[0;39m &amp#27;[2m---&amp#27;[0;39m &amp#27;[2m[TodoListV2 API] [           main]&amp#27;[0;39m &amp#27;[2m&amp#27;[0;39m&amp#27;[36ms.w.s.m.m.a.RequestMappingHandlerMapping&amp#27;[0;39m &amp#27;[2m:&amp#27;[0;39m 15 mappings in 'requestMappingHandlerMapping'
&amp#27;[2m2025-08-05T19:00:48.554+08:00&amp#27;[0;39m &amp#27;[32mDEBUG&amp#27;[0;39m &amp#27;[35m19175&amp#27;[0;39m &amp#27;[2m---&amp#27;[0;39m &amp#27;[2m[TodoListV2 API] [           main]&amp#27;[0;39m &amp#27;[2m&amp#27;[0;39m&amp#27;[36mo.s.w.s.handler.SimpleUrlHandlerMapping &amp#27;[0;39m &amp#27;[2m:&amp#27;[0;39m Patterns [/webjars/**, /**, /swagger-ui*/*swagger-initializer.js, /swagger-ui*/**] in 'resourceHandlerMapping'
&amp#27;[2m2025-08-05T19:00:48.567+08:00&amp#27;[0;39m &amp#27;[32mDEBUG&amp#27;[0;39m &amp#27;[35m19175&amp#27;[0;39m &amp#27;[2m---&amp#27;[0;39m &amp#27;[2m[TodoListV2 API] [           main]&amp#27;[0;39m &amp#27;[2m&amp#27;[0;39m&amp#27;[36ms.w.s.m.m.a.RequestMappingHandlerAdapter&amp#27;[0;39m &amp#27;[2m:&amp#27;[0;39m ControllerAdvice beans: 0 @ModelAttribute, 0 @InitBinder, 1 RequestBodyAdvice, 1 ResponseBodyAdvice
&amp#27;[2m2025-08-05T19:00:48.578+08:00&amp#27;[0;39m &amp#27;[32mDEBUG&amp#27;[0;39m &amp#27;[35m19175&amp#27;[0;39m &amp#27;[2m---&amp#27;[0;39m &amp#27;[2m[TodoListV2 API] [           main]&amp#27;[0;39m &amp#27;[2m&amp#27;[0;39m&amp#27;[36m.m.m.a.ExceptionHandlerExceptionResolver&amp#27;[0;39m &amp#27;[2m:&amp#27;[0;39m ControllerAdvice beans: 2 @ExceptionHandler, 1 ResponseBodyAdvice
&amp#27;[2m2025-08-05T19:00:48.613+08:00&amp#27;[0;39m &amp#27;[32m INFO&amp#27;[0;39m &amp#27;[35m19175&amp#27;[0;39m &amp#27;[2m---&amp#27;[0;39m &amp#27;[2m[TodoListV2 API] [           main]&amp#27;[0;39m &amp#27;[2m&amp#27;[0;39m&amp#27;[36mo.s.b.a.h2.H2ConsoleAutoConfiguration   &amp#27;[0;39m &amp#27;[2m:&amp#27;[0;39m H2 console available at '/h2-console'. Database available at 'jdbc:h2:mem:testdb'
&amp#27;[2m2025-08-05T19:00:48.631+08:00&amp#27;[0;39m &amp#27;[32m INFO&amp#27;[0;39m &amp#27;[35m19175&amp#27;[0;39m &amp#27;[2m---&amp#27;[0;39m &amp#27;[2m[TodoListV2 API] [           main]&amp#27;[0;39m &amp#27;[2m&amp#27;[0;39m&amp#27;[36mc.t.backend.TodoBackendApplicationTests &amp#27;[0;39m &amp#27;[2m:&amp#27;[0;39m Started TodoBackendApplicationTests in 1.233 seconds (process running for 2.234)
]]></system-out>
  </testcase>
</testsuite>